[debug] [2026-02-12T05:40:53.807Z] ----------------------------------------------------------------------
[debug] [2026-02-12T05:40:53.809Z] Command:       C:\Program Files\nodejs\node.exe C:\Users\choiys\AppData\Roaming\npm\node_modules\firebase-tools\lib\bin\firebase.js deploy --only hosting --debug
[debug] [2026-02-12T05:40:53.809Z] CLI Version:   15.5.1
[debug] [2026-02-12T05:40:53.809Z] Platform:      win32
[debug] [2026-02-12T05:40:53.809Z] Node Version:  v24.12.0
[debug] [2026-02-12T05:40:53.809Z] Time:          Thu Feb 12 2026 14:40:53 GMT+0900 (대한민국 표준시)
[debug] [2026-02-12T05:40:53.809Z] ----------------------------------------------------------------------
[debug] 
[debug] [2026-02-12T05:40:55.096Z] > command requires scopes: ["email","openid","https://www.googleapis.com/auth/cloudplatformprojects.readonly","https://www.googleapis.com/auth/firebase","https://www.googleapis.com/auth/cloud-platform"]
[debug] [2026-02-12T05:40:55.097Z] > authorizing via signed-in user (choiys080@gmail.com)
[debug] [2026-02-12T05:40:55.098Z] [iam] checking project buslookup-5fd0d for permissions ["firebase.projects.get","firebasehosting.sites.update"]
[debug] [2026-02-12T05:40:55.099Z] Checked if tokens are valid: true, expires at: 1770876108951
[debug] [2026-02-12T05:40:55.099Z] Checked if tokens are valid: true, expires at: 1770876108951
[debug] [2026-02-12T05:40:55.101Z] >>> [apiv2][query] POST https://cloudresourcemanager.googleapis.com/v1/projects/buslookup-5fd0d:testIamPermissions [none]
[debug] [2026-02-12T05:40:55.101Z] >>> [apiv2][(partial)header] POST https://cloudresourcemanager.googleapis.com/v1/projects/buslookup-5fd0d:testIamPermissions  x-goog-user-project=buslookup-5fd0d
[debug] [2026-02-12T05:40:55.102Z] >>> [apiv2][body] POST https://cloudresourcemanager.googleapis.com/v1/projects/buslookup-5fd0d:testIamPermissions {"permissions":["firebase.projects.get","firebasehosting.sites.update"]}
[debug] [2026-02-12T05:40:55.333Z] <<< [apiv2][status] POST https://cloudresourcemanager.googleapis.com/v1/projects/buslookup-5fd0d:testIamPermissions 200
[debug] [2026-02-12T05:40:55.334Z] <<< [apiv2][body] POST https://cloudresourcemanager.googleapis.com/v1/projects/buslookup-5fd0d:testIamPermissions {"permissions":["firebase.projects.get","firebasehosting.sites.update"]}
[debug] [2026-02-12T05:40:55.334Z] Checked if tokens are valid: true, expires at: 1770876108951
[debug] [2026-02-12T05:40:55.335Z] Checked if tokens are valid: true, expires at: 1770876108951
[debug] [2026-02-12T05:40:55.335Z] >>> [apiv2][query] GET https://firebase.googleapis.com/v1beta1/projects/buslookup-5fd0d [none]
[debug] [2026-02-12T05:40:55.796Z] <<< [apiv2][status] GET https://firebase.googleapis.com/v1beta1/projects/buslookup-5fd0d 200
[debug] [2026-02-12T05:40:55.796Z] <<< [apiv2][body] GET https://firebase.googleapis.com/v1beta1/projects/buslookup-5fd0d {"projectId":"buslookup-5fd0d","projectNumber":"981605729788","displayName":"BusLookup","name":"projects/buslookup-5fd0d","resources":{"hostingSite":"buslookup-5fd0d"},"state":"ACTIVE","etag":"1_d955419a-fc04-4974-8883-2f4529233af9"}
[info] 
[info] === Deploying to 'buslookup-5fd0d'...
[info] 
[info] i  deploying hosting 
[debug] [2026-02-12T05:40:55.799Z] Checked if tokens are valid: true, expires at: 1770876108951
[debug] [2026-02-12T05:40:55.799Z] Checked if tokens are valid: true, expires at: 1770876108951
[debug] [2026-02-12T05:40:55.799Z] >>> [apiv2][query] POST https://firebasehosting.googleapis.com/v1beta1/projects/-/sites/buslookup-5fd0d/versions [none]
[debug] [2026-02-12T05:40:55.800Z] >>> [apiv2][body] POST https://firebasehosting.googleapis.com/v1beta1/projects/-/sites/buslookup-5fd0d/versions {"status":"CREATED","labels":{"deployment-tool":"cli-firebase"}}
[debug] [2026-02-12T05:40:57.759Z] <<< [apiv2][status] POST https://firebasehosting.googleapis.com/v1beta1/projects/-/sites/buslookup-5fd0d/versions 200
[debug] [2026-02-12T05:40:57.760Z] <<< [apiv2][body] POST https://firebasehosting.googleapis.com/v1beta1/projects/-/sites/buslookup-5fd0d/versions {"name":"projects/981605729788/sites/buslookup-5fd0d/versions/401370fcd3b20699","status":"CREATED","config":{},"labels":{"deployment-tool":"cli-firebase"}}
[info] i  hosting[buslookup-5fd0d]: beginning deploy... 
[info] i  hosting[buslookup-5fd0d]: found 21 files in modv2 
[debug] [2026-02-12T05:40:57.771Z] [hosting] uploading with 200 concurrency
[debug] [2026-02-12T05:40:57.773Z] Checked if tokens are valid: true, expires at: 1770876108951
[debug] [2026-02-12T05:40:57.773Z] Checked if tokens are valid: true, expires at: 1770876108951
[debug] [2026-02-12T05:40:57.775Z] [hosting] hash cache [bW9kdjI] stored for 21 files
[debug] [2026-02-12T05:40:57.775Z] [hosting][hash queue][FINAL] {"max":1,"min":0,"avg":0,"active":0,"complete":21,"success":21,"errored":0,"retried":0,"total":21,"elapsed":3}
[debug] [2026-02-12T05:40:57.776Z] >>> [apiv2][query] POST https://firebasehosting.googleapis.com/v1beta1/projects/981605729788/sites/buslookup-5fd0d/versions/401370fcd3b20699:populateFiles [none]
[debug] [2026-02-12T05:40:57.776Z] >>> [apiv2][body] POST https://firebasehosting.googleapis.com/v1beta1/projects/981605729788/sites/buslookup-5fd0d/versions/401370fcd3b20699:populateFiles {"files":{"/styles.css":"c10e58fb2e4b97e7be6b259e574ad372088f439aae0ed8b9b4458101e61ad211","/participants_data.csv":"6d48daa196986158c9cc8e552abdf80136fed9b0bd06772d81f60a04562b6b87","/optimize_bg.py":"b22fe07f70f9959a3ce31608519f4831003a221b043f2d60ba5c8f52747403f1","/logo.png":"e51438f360103da36d62bce28b7f3d606912f1adb9236dc4d4bbb94dc581f095","/kickoff_logo.jpg":"34cd8115c4d75f92a34a619ec3971a79708d8d2f20be943a2e4ea7b76bfd719d","/index.html":"abb8385197e51575f11b43d1f4686dc6d82d68bdb583805373c02da8d9d652cb","/bg_optimized.jpg":"656c81ff6fa8ec0268c57a3c21f2ac013ff62481d6e7fd02ab4b14c52a8b5b10","/bg.png":"111609522da7bb6e5975b36ebb6504b68f049b00cb5b8f67bee8c4fe946122aa","/app.js":"98d476748da086c6b11f91b77cadd19506dc87c5bb330c6c4bcaf09d0b690e1e","/_dev/upload_tool.html":"49b90733d4eb739e562ab2f784e104ba8c224023582c3e3931ed3165c28e1509","/_dev/run_app.bat":"f3cee4ed049a88807be98d7946a8c080c43fc40f47a787794925c2e6f325d418","/_dev/report.txt":"dc45dcca3d19dcb20b90f2fc2a18b6d139ba52ffba3c55ad6304c9949c136f7a","/_dev/README.md":"9dd3ab5d209bf408712844518df6b6c45fad7b50f37e27cfce2b8ff15b747a7a","/_dev/generate_context.ps1":"4b9d6fb25140627e41989d30e570b1170a946a91baea8129d0df0b29175c7fb9","/_dev/ARCHITECTURE.md":"acdabf8c392809497b1d7ef6a02f510137d7fe0ed6f63232b41b1c8461fa3a15","/_dev/AI_CONTEXT.md":"6c2f407a51354403520491c52f16cd7d3ff82cc4e8ac57723d3bfedbd43ac2cf","/js/utils.js":"fe3645160370d039751effd7a31ea9d136976f7ed1dfba74cb5e08e313ba5f65","/js/ui.js":"d70b0bfe980e62b28da45d18105b83a2855098138f921feec0f746851119d0da","/js/services.js":"edb88bf8759fcb3b240df7ddd551c0ec29b6b97610ef00fa531dcc0cb8483074","/js/config.js":"48fbce43c7b3c19c889a98d8700519c147c9e5a8fb66714e1206771b3738b7a8","/.netlify/state.json":"524c9a1c076e64c98918aa13f8df97a93d62cedd152a725a42cb5a651d77a76a"}}
[debug] [2026-02-12T05:40:58.126Z] <<< [apiv2][status] POST https://firebasehosting.googleapis.com/v1beta1/projects/981605729788/sites/buslookup-5fd0d/versions/401370fcd3b20699:populateFiles 400
[debug] [2026-02-12T05:40:58.126Z] <<< [apiv2][body] POST https://firebasehosting.googleapis.com/v1beta1/projects/981605729788/sites/buslookup-5fd0d/versions/401370fcd3b20699:populateFiles {"error":{"code":400,"message":"Executable files are forbidden on the Spark billing plan. For more details, see https://firebase.google.com/support/faq#hosting-exe-restrictions","status":"FAILED_PRECONDITION"}}
[debug] [2026-02-12T05:40:58.532Z] [populateQueue] Retrying task index 0
[debug] [2026-02-12T05:40:58.533Z] Checked if tokens are valid: true, expires at: 1770876108951
[debug] [2026-02-12T05:40:58.533Z] Checked if tokens are valid: true, expires at: 1770876108951
[debug] [2026-02-12T05:40:58.533Z] >>> [apiv2][query] POST https://firebasehosting.googleapis.com/v1beta1/projects/981605729788/sites/buslookup-5fd0d/versions/401370fcd3b20699:populateFiles [none]
[debug] [2026-02-12T05:40:58.534Z] >>> [apiv2][body] POST https://firebasehosting.googleapis.com/v1beta1/projects/981605729788/sites/buslookup-5fd0d/versions/401370fcd3b20699:populateFiles {"files":{"/styles.css":"c10e58fb2e4b97e7be6b259e574ad372088f439aae0ed8b9b4458101e61ad211","/participants_data.csv":"6d48daa196986158c9cc8e552abdf80136fed9b0bd06772d81f60a04562b6b87","/optimize_bg.py":"b22fe07f70f9959a3ce31608519f4831003a221b043f2d60ba5c8f52747403f1","/logo.png":"e51438f360103da36d62bce28b7f3d606912f1adb9236dc4d4bbb94dc581f095","/kickoff_logo.jpg":"34cd8115c4d75f92a34a619ec3971a79708d8d2f20be943a2e4ea7b76bfd719d","/index.html":"abb8385197e51575f11b43d1f4686dc6d82d68bdb583805373c02da8d9d652cb","/bg_optimized.jpg":"656c81ff6fa8ec0268c57a3c21f2ac013ff62481d6e7fd02ab4b14c52a8b5b10","/bg.png":"111609522da7bb6e5975b36ebb6504b68f049b00cb5b8f67bee8c4fe946122aa","/app.js":"98d476748da086c6b11f91b77cadd19506dc87c5bb330c6c4bcaf09d0b690e1e","/_dev/upload_tool.html":"49b90733d4eb739e562ab2f784e104ba8c224023582c3e3931ed3165c28e1509","/_dev/run_app.bat":"f3cee4ed049a88807be98d7946a8c080c43fc40f47a787794925c2e6f325d418","/_dev/report.txt":"dc45dcca3d19dcb20b90f2fc2a18b6d139ba52ffba3c55ad6304c9949c136f7a","/_dev/README.md":"9dd3ab5d209bf408712844518df6b6c45fad7b50f37e27cfce2b8ff15b747a7a","/_dev/generate_context.ps1":"4b9d6fb25140627e41989d30e570b1170a946a91baea8129d0df0b29175c7fb9","/_dev/ARCHITECTURE.md":"acdabf8c392809497b1d7ef6a02f510137d7fe0ed6f63232b41b1c8461fa3a15","/_dev/AI_CONTEXT.md":"6c2f407a51354403520491c52f16cd7d3ff82cc4e8ac57723d3bfedbd43ac2cf","/js/utils.js":"fe3645160370d039751effd7a31ea9d136976f7ed1dfba74cb5e08e313ba5f65","/js/ui.js":"d70b0bfe980e62b28da45d18105b83a2855098138f921feec0f746851119d0da","/js/services.js":"edb88bf8759fcb3b240df7ddd551c0ec29b6b97610ef00fa531dcc0cb8483074","/js/config.js":"48fbce43c7b3c19c889a98d8700519c147c9e5a8fb66714e1206771b3738b7a8","/.netlify/state.json":"524c9a1c076e64c98918aa13f8df97a93d62cedd152a725a42cb5a651d77a76a"}}
[debug] [2026-02-12T05:40:58.980Z] <<< [apiv2][status] POST https://firebasehosting.googleapis.com/v1beta1/projects/981605729788/sites/buslookup-5fd0d/versions/401370fcd3b20699:populateFiles 400
[debug] [2026-02-12T05:40:58.980Z] <<< [apiv2][body] POST https://firebasehosting.googleapis.com/v1beta1/projects/981605729788/sites/buslookup-5fd0d/versions/401370fcd3b20699:populateFiles {"error":{"code":400,"message":"Executable files are forbidden on the Spark billing plan. For more details, see https://firebase.google.com/support/faq#hosting-exe-restrictions","status":"FAILED_PRECONDITION"}}
[info] i  hosting: adding files to version [0/21] (0%) 
[debug] [2026-02-12T05:40:59.788Z] [populateQueue] Retrying task index 0
[debug] [2026-02-12T05:40:59.788Z] Checked if tokens are valid: true, expires at: 1770876108951
[debug] [2026-02-12T05:40:59.788Z] Checked if tokens are valid: true, expires at: 1770876108951
[debug] [2026-02-12T05:40:59.789Z] >>> [apiv2][query] POST https://firebasehosting.googleapis.com/v1beta1/projects/981605729788/sites/buslookup-5fd0d/versions/401370fcd3b20699:populateFiles [none]
[debug] [2026-02-12T05:40:59.789Z] >>> [apiv2][body] POST https://firebasehosting.googleapis.com/v1beta1/projects/981605729788/sites/buslookup-5fd0d/versions/401370fcd3b20699:populateFiles {"files":{"/styles.css":"c10e58fb2e4b97e7be6b259e574ad372088f439aae0ed8b9b4458101e61ad211","/participants_data.csv":"6d48daa196986158c9cc8e552abdf80136fed9b0bd06772d81f60a04562b6b87","/optimize_bg.py":"b22fe07f70f9959a3ce31608519f4831003a221b043f2d60ba5c8f52747403f1","/logo.png":"e51438f360103da36d62bce28b7f3d606912f1adb9236dc4d4bbb94dc581f095","/kickoff_logo.jpg":"34cd8115c4d75f92a34a619ec3971a79708d8d2f20be943a2e4ea7b76bfd719d","/index.html":"abb8385197e51575f11b43d1f4686dc6d82d68bdb583805373c02da8d9d652cb","/bg_optimized.jpg":"656c81ff6fa8ec0268c57a3c21f2ac013ff62481d6e7fd02ab4b14c52a8b5b10","/bg.png":"111609522da7bb6e5975b36ebb6504b68f049b00cb5b8f67bee8c4fe946122aa","/app.js":"98d476748da086c6b11f91b77cadd19506dc87c5bb330c6c4bcaf09d0b690e1e","/_dev/upload_tool.html":"49b90733d4eb739e562ab2f784e104ba8c224023582c3e3931ed3165c28e1509","/_dev/run_app.bat":"f3cee4ed049a88807be98d7946a8c080c43fc40f47a787794925c2e6f325d418","/_dev/report.txt":"dc45dcca3d19dcb20b90f2fc2a18b6d139ba52ffba3c55ad6304c9949c136f7a","/_dev/README.md":"9dd3ab5d209bf408712844518df6b6c45fad7b50f37e27cfce2b8ff15b747a7a","/_dev/generate_context.ps1":"4b9d6fb25140627e41989d30e570b1170a946a91baea8129d0df0b29175c7fb9","/_dev/ARCHITECTURE.md":"acdabf8c392809497b1d7ef6a02f510137d7fe0ed6f63232b41b1c8461fa3a15","/_dev/AI_CONTEXT.md":"6c2f407a51354403520491c52f16cd7d3ff82cc4e8ac57723d3bfedbd43ac2cf","/js/utils.js":"fe3645160370d039751effd7a31ea9d136976f7ed1dfba74cb5e08e313ba5f65","/js/ui.js":"d70b0bfe980e62b28da45d18105b83a2855098138f921feec0f746851119d0da","/js/services.js":"edb88bf8759fcb3b240df7ddd551c0ec29b6b97610ef00fa531dcc0cb8483074","/js/config.js":"48fbce43c7b3c19c889a98d8700519c147c9e5a8fb66714e1206771b3738b7a8","/.netlify/state.json":"524c9a1c076e64c98918aa13f8df97a93d62cedd152a725a42cb5a651d77a76a"}}
[debug] [2026-02-12T05:41:00.219Z] <<< [apiv2][status] POST https://firebasehosting.googleapis.com/v1beta1/projects/981605729788/sites/buslookup-5fd0d/versions/401370fcd3b20699:populateFiles 400
[debug] [2026-02-12T05:41:00.220Z] <<< [apiv2][body] POST https://firebasehosting.googleapis.com/v1beta1/projects/981605729788/sites/buslookup-5fd0d/versions/401370fcd3b20699:populateFiles {"error":{"code":400,"message":"Executable files are forbidden on the Spark billing plan. For more details, see https://firebase.google.com/support/faq#hosting-exe-restrictions","status":"FAILED_PRECONDITION"}}
[info] i  hosting: adding files to version [0/21] (0%) 
[debug] [2026-02-12T05:41:01.824Z] [populateQueue] Retrying task index 0
[debug] [2026-02-12T05:41:01.824Z] Checked if tokens are valid: true, expires at: 1770876108951
[debug] [2026-02-12T05:41:01.825Z] Checked if tokens are valid: true, expires at: 1770876108951
[debug] [2026-02-12T05:41:01.825Z] >>> [apiv2][query] POST https://firebasehosting.googleapis.com/v1beta1/projects/981605729788/sites/buslookup-5fd0d/versions/401370fcd3b20699:populateFiles [none]
[debug] [2026-02-12T05:41:01.825Z] >>> [apiv2][body] POST https://firebasehosting.googleapis.com/v1beta1/projects/981605729788/sites/buslookup-5fd0d/versions/401370fcd3b20699:populateFiles {"files":{"/styles.css":"c10e58fb2e4b97e7be6b259e574ad372088f439aae0ed8b9b4458101e61ad211","/participants_data.csv":"6d48daa196986158c9cc8e552abdf80136fed9b0bd06772d81f60a04562b6b87","/optimize_bg.py":"b22fe07f70f9959a3ce31608519f4831003a221b043f2d60ba5c8f52747403f1","/logo.png":"e51438f360103da36d62bce28b7f3d606912f1adb9236dc4d4bbb94dc581f095","/kickoff_logo.jpg":"34cd8115c4d75f92a34a619ec3971a79708d8d2f20be943a2e4ea7b76bfd719d","/index.html":"abb8385197e51575f11b43d1f4686dc6d82d68bdb583805373c02da8d9d652cb","/bg_optimized.jpg":"656c81ff6fa8ec0268c57a3c21f2ac013ff62481d6e7fd02ab4b14c52a8b5b10","/bg.png":"111609522da7bb6e5975b36ebb6504b68f049b00cb5b8f67bee8c4fe946122aa","/app.js":"98d476748da086c6b11f91b77cadd19506dc87c5bb330c6c4bcaf09d0b690e1e","/_dev/upload_tool.html":"49b90733d4eb739e562ab2f784e104ba8c224023582c3e3931ed3165c28e1509","/_dev/run_app.bat":"f3cee4ed049a88807be98d7946a8c080c43fc40f47a787794925c2e6f325d418","/_dev/report.txt":"dc45dcca3d19dcb20b90f2fc2a18b6d139ba52ffba3c55ad6304c9949c136f7a","/_dev/README.md":"9dd3ab5d209bf408712844518df6b6c45fad7b50f37e27cfce2b8ff15b747a7a","/_dev/generate_context.ps1":"4b9d6fb25140627e41989d30e570b1170a946a91baea8129d0df0b29175c7fb9","/_dev/ARCHITECTURE.md":"acdabf8c392809497b1d7ef6a02f510137d7fe0ed6f63232b41b1c8461fa3a15","/_dev/AI_CONTEXT.md":"6c2f407a51354403520491c52f16cd7d3ff82cc4e8ac57723d3bfedbd43ac2cf","/js/utils.js":"fe3645160370d039751effd7a31ea9d136976f7ed1dfba74cb5e08e313ba5f65","/js/ui.js":"d70b0bfe980e62b28da45d18105b83a2855098138f921feec0f746851119d0da","/js/services.js":"edb88bf8759fcb3b240df7ddd551c0ec29b6b97610ef00fa531dcc0cb8483074","/js/config.js":"48fbce43c7b3c19c889a98d8700519c147c9e5a8fb66714e1206771b3738b7a8","/.netlify/state.json":"524c9a1c076e64c98918aa13f8df97a93d62cedd152a725a42cb5a651d77a76a"}}
[debug] [2026-02-12T05:41:02.212Z] <<< [apiv2][status] POST https://firebasehosting.googleapis.com/v1beta1/projects/981605729788/sites/buslookup-5fd0d/versions/401370fcd3b20699:populateFiles 400
[debug] [2026-02-12T05:41:02.213Z] <<< [apiv2][body] POST https://firebasehosting.googleapis.com/v1beta1/projects/981605729788/sites/buslookup-5fd0d/versions/401370fcd3b20699:populateFiles {"error":{"code":400,"message":"Executable files are forbidden on the Spark billing plan. For more details, see https://firebase.google.com/support/faq#hosting-exe-restrictions","status":"FAILED_PRECONDITION"}}
[debug] Task index 0 failed: retries exhausted after 4 attempts, with error: Request to https://firebasehosting.googleapis.com/v1beta1/projects/981605729788/sites/buslookup-5fd0d/versions/401370fcd3b20699:populateFiles had HTTP Error: 400, Executable files are forbidden on the Spark billing plan. For more details, see https://firebase.google.com/support/faq#hosting-exe-restrictions
[debug] [2026-02-12T05:41:02.216Z] [hosting][upload queue][FINAL] {"max":0,"min":9999999999,"avg":0,"active":0,"complete":0,"success":0,"errored":0,"retried":0,"total":0,"elapsed":1770874862216}
[info] i  hosting: adding files to version [21/21] (100%) 
[debug] [2026-02-12T05:41:02.217Z] FirebaseError: Request to https://firebasehosting.googleapis.com/v1beta1/projects/981605729788/sites/buslookup-5fd0d/versions/401370fcd3b20699:populateFiles had HTTP Error: 400, Executable files are forbidden on the Spark billing plan. For more details, see https://firebase.google.com/support/faq#hosting-exe-restrictions
    at responseToError (C:\Users\choiys\AppData\Roaming\npm\node_modules\firebase-tools\lib\responseToError.js:53:12)
    at RetryOperation._fn (C:\Users\choiys\AppData\Roaming\npm\node_modules\firebase-tools\lib\apiv2.js:330:77)
    at process.processTicksAndRejections (node:internal/process/task_queues:103:5)
[error] 
[error] Error: Task index 0 failed: retries exhausted after 4 attempts, with error: Request to https://firebasehosting.googleapis.com/v1beta1/projects/981605729788/sites/buslookup-5fd0d/versions/401370fcd3b20699:populateFiles had HTTP Error: 400, Executable files are forbidden on the Spark billing plan. For more details, see https://firebase.google.com/support/faq#hosting-exe-restrictions
[debug] [2026-02-12T05:41:02.218Z] FirebaseError: Request to https://firebasehosting.googleapis.com/v1beta1/projects/981605729788/sites/buslookup-5fd0d/versions/401370fcd3b20699:populateFiles had HTTP Error: 400, Executable files are forbidden on the Spark billing plan. For more details, see https://firebase.google.com/support/faq#hosting-exe-restrictions
    at responseToError (C:\Users\choiys\AppData\Roaming\npm\node_modules\firebase-tools\lib\responseToError.js:53:12)
    at RetryOperation._fn (C:\Users\choiys\AppData\Roaming\npm\node_modules\firebase-tools\lib\apiv2.js:330:77)
    at process.processTicksAndRejections (node:internal/process/task_queues:103:5)
[error] 
[error] Error: Task index 0 failed: retries exhausted after 4 attempts, with error: Request to https://firebasehosting.googleapis.com/v1beta1/projects/981605729788/sites/buslookup-5fd0d/versions/401370fcd3b20699:populateFiles had HTTP Error: 400, Executable files are forbidden on the Spark billing plan. For more details, see https://firebase.google.com/support/faq#hosting-exe-restrictions
